app/build/intermediates/manifest_merge_blame_file/debug/manifest-merger-blame-debug-report.txt
1<?xml version="1.0" encoding="utf-8"?>
2<manifest xmlns:android="http://schemas.android.com/apk/res/android"
3    package="com.example.ebook"
4    android:versionCode="1"
5    android:versionName="1.0" >
6
7    <uses-sdk
8        android:minSdkVersion="28"
9        android:targetSdkVersion="34" />
10
11    <uses-permission android:name="android.permission.INTERNET" />
11-->src\main\AndroidManifest.xml:5:5-67
11-->src\main\AndroidManifest.xml:5:22-64
12    <uses-permission android:name="android.permission.READ_EXTERNAL_STORAGE" />
12-->src\main\AndroidManifest.xml:6:5-80
12-->src\main\AndroidManifest.xml:6:22-77
13    <uses-permission android:name="android.permission.POST_NOTIFICATIONS" />
13-->src\main\AndroidManifest.xml:7:5-77
13-->src\main\AndroidManifest.xml:7:22-74
14    <uses-permission android:name="android.permission.FOREGROUND_SERVICE" />
14-->src\main\AndroidManifest.xml:8:5-77
14-->src\main\AndroidManifest.xml:8:22-74
15
16    <meta-data
16-->src\main\AndroidManifest.xml:9:5-96
17        android:name="com.google.android.gms.wallet.api.enabled"
17-->src\main\AndroidManifest.xml:9:16-72
18        android:value="true" />
18-->src\main\AndroidManifest.xml:9:73-93
19
20    <!-- See https://developer.android.com/training/package-visibility/declaring for more details. -->
21    <queries>
21-->[com.stripe:payments-core:20.37.4] AndroidManifest.xml:8:5-12:15
22
23        <!-- Added to check if Chrome is installed for browser-based payment authentication (e.g. 3DS1). -->
24        <package android:name="com.android.chrome" />
24-->[com.stripe:payments-core:20.37.4] AndroidManifest.xml:11:9-54
24-->[com.stripe:payments-core:20.37.4] AndroidManifest.xml:11:18-51
25        <!-- Needs to be explicitly declared on Android R+ -->
26        <package android:name="com.google.android.apps.maps" />
26-->[com.google.android.gms:play-services-maps:18.0.2] AndroidManifest.xml:33:9-64
26-->[com.google.android.gms:play-services-maps:18.0.2] AndroidManifest.xml:33:18-61
27    </queries>
28
29    <uses-permission android:name="android.permission.ACCESS_NETWORK_STATE" />
29-->[com.google.firebase:firebase-auth:22.3.1] AndroidManifest.xml:26:5-79
29-->[com.google.firebase:firebase-auth:22.3.1] AndroidManifest.xml:26:22-76
30    <uses-permission android:name="com.google.android.providers.gsf.permission.READ_GSERVICES" />
30-->[com.google.android.recaptcha:recaptcha:18.4.0] AndroidManifest.xml:9:5-98
30-->[com.google.android.recaptcha:recaptcha:18.4.0] AndroidManifest.xml:9:22-95
31
32    <uses-feature
32-->[com.google.android.gms:play-services-maps:18.0.2] AndroidManifest.xml:26:5-28:35
33        android:glEsVersion="0x00020000"
33-->[com.google.android.gms:play-services-maps:18.0.2] AndroidManifest.xml:27:9-41
34        android:required="true" />
34-->[com.google.android.gms:play-services-maps:18.0.2] AndroidManifest.xml:28:9-32
35
36    <permission
36-->[androidx.core:core:1.12.0] AndroidManifest.xml:22:5-24:47
37        android:name="com.example.ebook.DYNAMIC_RECEIVER_NOT_EXPORTED_PERMISSION"
37-->[androidx.core:core:1.12.0] AndroidManifest.xml:23:9-81
38        android:protectionLevel="signature" />
38-->[androidx.core:core:1.12.0] AndroidManifest.xml:24:9-44
39
40    <uses-permission android:name="com.example.ebook.DYNAMIC_RECEIVER_NOT_EXPORTED_PERMISSION" />
40-->[androidx.core:core:1.12.0] AndroidManifest.xml:26:5-97
40-->[androidx.core:core:1.12.0] AndroidManifest.xml:26:22-94
41
42    <application
42-->src\main\AndroidManifest.xml:11:5-49:19
43        android:allowBackup="true"
43-->src\main\AndroidManifest.xml:12:9-35
44        android:appComponentFactory="androidx.core.app.CoreComponentFactory"
44-->[androidx.core:core:1.12.0] AndroidManifest.xml:28:18-86
45        android:dataExtractionRules="@xml/data_extraction_rules"
45-->src\main\AndroidManifest.xml:13:9-65
46        android:debuggable="true"
47        android:extractNativeLibs="false"
48        android:fullBackupContent="@xml/backup_rules"
48-->src\main\AndroidManifest.xml:14:9-54
49        android:hardwareAccelerated="true"
49-->src\main\AndroidManifest.xml:15:9-43
50        android:icon="@mipmap/ic_launcher"
50-->src\main\AndroidManifest.xml:16:9-43
51        android:label="@string/app_name"
51-->src\main\AndroidManifest.xml:17:9-41
52        android:roundIcon="@mipmap/ic_launcher_round"
52-->src\main\AndroidManifest.xml:18:9-54
53        android:supportsRtl="true"
53-->src\main\AndroidManifest.xml:19:9-35
54        android:testOnly="true"
55        android:theme="@style/Theme.Ebook"
55-->src\main\AndroidManifest.xml:20:9-43
56        android:usesCleartextTraffic="true" >
56-->src\main\AndroidManifest.xml:21:9-44
57        <activity
57-->src\main\AndroidManifest.xml:24:9-36:20
58            android:name="com.example.ebook.views.SplashScreen"
58-->src\main\AndroidManifest.xml:25:13-47
59            android:exported="true"
59-->src\main\AndroidManifest.xml:26:13-36
60            android:label="@string/title_activity_splash_screen"
60-->src\main\AndroidManifest.xml:27:13-65
61            android:theme="@style/Theme.Ebook" >
61-->src\main\AndroidManifest.xml:28:13-47
62            <intent-filter>
62-->src\main\AndroidManifest.xml:30:13-34:29
63                <action android:name="android.intent.action.MAIN" />
63-->src\main\AndroidManifest.xml:31:17-69
63-->src\main\AndroidManifest.xml:31:25-66
64
65                <category android:name="android.intent.category.LAUNCHER" />
65-->src\main\AndroidManifest.xml:33:17-77
65-->src\main\AndroidManifest.xml:33:27-74
66            </intent-filter>
67        </activity>
68        <activity
68-->src\main\AndroidManifest.xml:38:9-44:20
69            android:name="com.example.ebook.views.MainActivity"
69-->src\main\AndroidManifest.xml:39:13-47
70            android:exported="true"
70-->src\main\AndroidManifest.xml:41:13-36
71            android:label="@string/app_name"
71-->src\main\AndroidManifest.xml:42:13-45
72            android:theme="@style/Theme.Ebook"
72-->src\main\AndroidManifest.xml:43:13-47
73            android:windowSoftInputMode="adjustPan" >
73-->src\main\AndroidManifest.xml:40:13-52
74        </activity>
75
76        <service android:name="com.example.ebook.services.MusicService" />
76-->src\main\AndroidManifest.xml:46:9-58
76-->src\main\AndroidManifest.xml:46:18-55
77
78        <receiver android:name="com.example.ebook.utils.AlarmReceiver" />
78-->src\main\AndroidManifest.xml:47:9-66
78-->src\main\AndroidManifest.xml:47:19-54
79
80        <activity
80-->[com.stripe:paymentsheet:20.37.4] AndroidManifest.xml:8:9-12:58
81            android:name="com.stripe.android.paymentsheet.PaymentSheetActivity"
81-->[com.stripe:paymentsheet:20.37.4] AndroidManifest.xml:9:13-80
82            android:exported="false"
82-->[com.stripe:paymentsheet:20.37.4] AndroidManifest.xml:10:13-37
83            android:theme="@style/StripePaymentSheetDefaultTheme"
83-->[com.stripe:paymentsheet:20.37.4] AndroidManifest.xml:11:13-66
84            android:windowSoftInputMode="adjustResize" />
84-->[com.stripe:paymentsheet:20.37.4] AndroidManifest.xml:12:13-55
85        <activity
85-->[com.stripe:paymentsheet:20.37.4] AndroidManifest.xml:13:9-17:58
86            android:name="com.stripe.android.paymentsheet.PaymentOptionsActivity"
86-->[com.stripe:paymentsheet:20.37.4] AndroidManifest.xml:14:13-82
87            android:exported="false"
87-->[com.stripe:paymentsheet:20.37.4] AndroidManifest.xml:15:13-37
88            android:theme="@style/StripePaymentSheetDefaultTheme"
88-->[com.stripe:paymentsheet:20.37.4] AndroidManifest.xml:16:13-66
89            android:windowSoftInputMode="adjustResize" />
89-->[com.stripe:paymentsheet:20.37.4] AndroidManifest.xml:17:13-55
90        <activity
90-->[com.stripe:paymentsheet:20.37.4] AndroidManifest.xml:18:9-22:58
91            android:name="com.stripe.android.customersheet.CustomerSheetActivity"
91-->[com.stripe:paymentsheet:20.37.4] AndroidManifest.xml:19:13-82
92            android:exported="false"
92-->[com.stripe:paymentsheet:20.37.4] AndroidManifest.xml:20:13-37
93            android:theme="@style/StripePaymentSheetDefaultTheme"
93-->[com.stripe:paymentsheet:20.37.4] AndroidManifest.xml:21:13-66
94            android:windowSoftInputMode="adjustResize" />
94-->[com.stripe:paymentsheet:20.37.4] AndroidManifest.xml:22:13-55
95        <activity
95-->[com.stripe:paymentsheet:20.37.4] AndroidManifest.xml:23:9-26:69
96            android:name="com.stripe.android.paymentsheet.addresselement.AddressElementActivity"
96-->[com.stripe:paymentsheet:20.37.4] AndroidManifest.xml:24:13-97
97            android:exported="false"
97-->[com.stripe:paymentsheet:20.37.4] AndroidManifest.xml:25:13-37
98            android:theme="@style/StripePaymentSheetDefaultTheme" />
98-->[com.stripe:paymentsheet:20.37.4] AndroidManifest.xml:26:13-66
99        <activity
99-->[com.stripe:paymentsheet:20.37.4] AndroidManifest.xml:27:9-30:69
100            android:name="com.stripe.android.paymentsheet.paymentdatacollection.bacs.BacsMandateConfirmationActivity"
100-->[com.stripe:paymentsheet:20.37.4] AndroidManifest.xml:28:13-118
101            android:exported="false"
101-->[com.stripe:paymentsheet:20.37.4] AndroidManifest.xml:29:13-37
102            android:theme="@style/StripePaymentSheetDefaultTheme" />
102-->[com.stripe:paymentsheet:20.37.4] AndroidManifest.xml:30:13-66
103        <activity
103-->[com.stripe:paymentsheet:20.37.4] AndroidManifest.xml:31:9-34:69
104            android:name="com.stripe.android.paymentsheet.paymentdatacollection.polling.PollingActivity"
104-->[com.stripe:paymentsheet:20.37.4] AndroidManifest.xml:32:13-105
105            android:exported="false"
105-->[com.stripe:paymentsheet:20.37.4] AndroidManifest.xml:33:13-37
106            android:theme="@style/StripePaymentSheetDefaultTheme" />
106-->[com.stripe:paymentsheet:20.37.4] AndroidManifest.xml:34:13-66
107        <activity
107-->[com.stripe:paymentsheet:20.37.4] AndroidManifest.xml:35:9-38:69
108            android:name="com.stripe.android.paymentsheet.ui.SepaMandateActivity"
108-->[com.stripe:paymentsheet:20.37.4] AndroidManifest.xml:36:13-82
109            android:exported="false"
109-->[com.stripe:paymentsheet:20.37.4] AndroidManifest.xml:37:13-37
110            android:theme="@style/StripePaymentSheetDefaultTheme" />
110-->[com.stripe:paymentsheet:20.37.4] AndroidManifest.xml:38:13-66
111        <activity
111-->[com.stripe:link:20.37.4] AndroidManifest.xml:8:9-13:61
112            android:name="com.stripe.android.link.LinkForegroundActivity"
112-->[com.stripe:link:20.37.4] AndroidManifest.xml:9:13-74
113            android:autoRemoveFromRecents="true"
113-->[com.stripe:link:20.37.4] AndroidManifest.xml:10:13-49
114            android:configChanges="orientation|keyboard|keyboardHidden|screenLayout|screenSize|smallestScreenSize"
114-->[com.stripe:link:20.37.4] AndroidManifest.xml:11:13-115
115            android:launchMode="singleTop"
115-->[com.stripe:link:20.37.4] AndroidManifest.xml:12:13-43
116            android:theme="@style/StripeTransparentTheme" />
116-->[com.stripe:link:20.37.4] AndroidManifest.xml:13:13-58
117        <activity
117-->[com.stripe:link:20.37.4] AndroidManifest.xml:14:9-31:20
118            android:name="com.stripe.android.link.LinkRedirectHandlerActivity"
118-->[com.stripe:link:20.37.4] AndroidManifest.xml:15:13-79
119            android:autoRemoveFromRecents="true"
119-->[com.stripe:link:20.37.4] AndroidManifest.xml:16:13-49
120            android:exported="true"
120-->[com.stripe:link:20.37.4] AndroidManifest.xml:17:13-36
121            android:launchMode="singleInstance"
121-->[com.stripe:link:20.37.4] AndroidManifest.xml:18:13-48
122            android:theme="@style/StripeTransparentTheme" >
122-->[com.stripe:link:20.37.4] AndroidManifest.xml:19:13-58
123            <intent-filter>
123-->[com.stripe:link:20.37.4] AndroidManifest.xml:20:13-30:29
124                <action android:name="android.intent.action.VIEW" />
124-->[com.stripe:link:20.37.4] AndroidManifest.xml:21:17-69
124-->[com.stripe:link:20.37.4] AndroidManifest.xml:21:25-66
125
126                <category android:name="android.intent.category.DEFAULT" />
126-->[com.stripe:link:20.37.4] AndroidManifest.xml:23:17-76
126-->[com.stripe:link:20.37.4] AndroidManifest.xml:23:27-73
127                <category android:name="android.intent.category.BROWSABLE" />
127-->[com.stripe:link:20.37.4] AndroidManifest.xml:24:17-78
127-->[com.stripe:link:20.37.4] AndroidManifest.xml:24:27-75
128
129                <data
129-->[com.stripe:link:20.37.4] AndroidManifest.xml:26:17-29:51
130                    android:host="complete"
130-->[com.stripe:link:20.37.4] AndroidManifest.xml:27:21-44
131                    android:path="/com.example.ebook"
131-->[com.stripe:link:20.37.4] AndroidManifest.xml:28:21-53
132                    android:scheme="link-popup" />
132-->[com.stripe:link:20.37.4] AndroidManifest.xml:29:21-48
133            </intent-filter>
134        </activity>
135        <activity
135-->[com.stripe:payments-ui-core:20.37.4] AndroidManifest.xml:8:9-11:69
136            android:name="com.stripe.android.ui.core.cardscan.CardScanActivity"
136-->[com.stripe:payments-ui-core:20.37.4] AndroidManifest.xml:9:13-80
137            android:exported="false"
137-->[com.stripe:payments-ui-core:20.37.4] AndroidManifest.xml:10:13-37
138            android:theme="@style/StripePaymentSheetDefaultTheme" />
138-->[com.stripe:payments-ui-core:20.37.4] AndroidManifest.xml:11:13-66
139        <activity
139-->[com.stripe:payments-core:20.37.4] AndroidManifest.xml:15:9-18:57
140            android:name="com.stripe.android.view.AddPaymentMethodActivity"
140-->[com.stripe:payments-core:20.37.4] AndroidManifest.xml:16:13-76
141            android:exported="false"
141-->[com.stripe:payments-core:20.37.4] AndroidManifest.xml:17:13-37
142            android:theme="@style/StripeDefaultTheme" />
142-->[com.stripe:payments-core:20.37.4] AndroidManifest.xml:18:13-54
143        <activity
143-->[com.stripe:payments-core:20.37.4] AndroidManifest.xml:19:9-22:57
144            android:name="com.stripe.android.view.PaymentMethodsActivity"
144-->[com.stripe:payments-core:20.37.4] AndroidManifest.xml:20:13-74
145            android:exported="false"
145-->[com.stripe:payments-core:20.37.4] AndroidManifest.xml:21:13-37
146            android:theme="@style/StripeDefaultTheme" />
146-->[com.stripe:payments-core:20.37.4] AndroidManifest.xml:22:13-54
147        <activity
147-->[com.stripe:payments-core:20.37.4] AndroidManifest.xml:23:9-26:57
148            android:name="com.stripe.android.view.PaymentFlowActivity"
148-->[com.stripe:payments-core:20.37.4] AndroidManifest.xml:24:13-71
149            android:exported="false"
149-->[com.stripe:payments-core:20.37.4] AndroidManifest.xml:25:13-37
150            android:theme="@style/StripeDefaultTheme" />
150-->[com.stripe:payments-core:20.37.4] AndroidManifest.xml:26:13-54
151        <activity
151-->[com.stripe:payments-core:20.37.4] AndroidManifest.xml:27:9-31:58
152            android:name="com.stripe.android.view.PaymentAuthWebViewActivity"
152-->[com.stripe:payments-core:20.37.4] AndroidManifest.xml:28:13-78
153            android:exported="false"
153-->[com.stripe:payments-core:20.37.4] AndroidManifest.xml:29:13-37
154            android:theme="@style/StripeDefaultTheme"
154-->[com.stripe:payments-core:20.37.4] AndroidManifest.xml:30:13-54
155            android:windowSoftInputMode="adjustResize" />
155-->[com.stripe:payments-core:20.37.4] AndroidManifest.xml:31:13-55
156        <activity
156-->[com.stripe:payments-core:20.37.4] AndroidManifest.xml:32:9-35:61
157            android:name="com.stripe.android.view.PaymentRelayActivity"
157-->[com.stripe:payments-core:20.37.4] AndroidManifest.xml:33:13-72
158            android:exported="false"
158-->[com.stripe:payments-core:20.37.4] AndroidManifest.xml:34:13-37
159            android:theme="@style/StripeTransparentTheme" />
159-->[com.stripe:payments-core:20.37.4] AndroidManifest.xml:35:13-58
160        <!--
161        Set android:launchMode="singleTop" so that the StripeBrowserLauncherActivity instance that
162        launched the browser Activity will also handle the return URL deep link.
163        -->
164        <activity
164-->[com.stripe:payments-core:20.37.4] AndroidManifest.xml:41:9-45:61
165            android:name="com.stripe.android.payments.StripeBrowserLauncherActivity"
165-->[com.stripe:payments-core:20.37.4] AndroidManifest.xml:42:13-85
166            android:exported="false"
166-->[com.stripe:payments-core:20.37.4] AndroidManifest.xml:43:13-37
167            android:launchMode="singleTask"
167-->[com.stripe:payments-core:20.37.4] AndroidManifest.xml:44:13-44
168            android:theme="@style/StripeTransparentTheme" />
168-->[com.stripe:payments-core:20.37.4] AndroidManifest.xml:45:13-58
169        <activity
169-->[com.stripe:payments-core:20.37.4] AndroidManifest.xml:46:9-63:20
170            android:name="com.stripe.android.payments.StripeBrowserProxyReturnActivity"
170-->[com.stripe:payments-core:20.37.4] AndroidManifest.xml:47:13-88
171            android:exported="true"
171-->[com.stripe:payments-core:20.37.4] AndroidManifest.xml:48:13-36
172            android:launchMode="singleTask"
172-->[com.stripe:payments-core:20.37.4] AndroidManifest.xml:49:13-44
173            android:theme="@style/StripeTransparentTheme" >
173-->[com.stripe:payments-core:20.37.4] AndroidManifest.xml:50:13-58
174            <intent-filter>
174-->[com.stripe:payments-core:20.37.4] AndroidManifest.xml:51:13-62:29
175                <action android:name="android.intent.action.VIEW" />
175-->[com.stripe:link:20.37.4] AndroidManifest.xml:21:17-69
175-->[com.stripe:link:20.37.4] AndroidManifest.xml:21:25-66
176
177                <category android:name="android.intent.category.DEFAULT" />
177-->[com.stripe:link:20.37.4] AndroidManifest.xml:23:17-76
177-->[com.stripe:link:20.37.4] AndroidManifest.xml:23:27-73
178                <category android:name="android.intent.category.BROWSABLE" />
178-->[com.stripe:link:20.37.4] AndroidManifest.xml:24:17-78
178-->[com.stripe:link:20.37.4] AndroidManifest.xml:24:27-75
179
180                <!-- Must match `DefaultReturnUrl#value`. -->
181                <data
181-->[com.stripe:link:20.37.4] AndroidManifest.xml:26:17-29:51
182                    android:host="payment_return_url"
182-->[com.stripe:link:20.37.4] AndroidManifest.xml:27:21-44
183                    android:path="/com.example.ebook"
183-->[com.stripe:link:20.37.4] AndroidManifest.xml:28:21-53
184                    android:scheme="stripesdk" />
184-->[com.stripe:link:20.37.4] AndroidManifest.xml:29:21-48
185            </intent-filter>
186        </activity>
187        <activity
187-->[com.stripe:payments-core:20.37.4] AndroidManifest.xml:64:9-67:57
188            android:name="com.stripe.android.payments.core.authentication.threeds2.Stripe3ds2TransactionActivity"
188-->[com.stripe:payments-core:20.37.4] AndroidManifest.xml:65:13-114
189            android:exported="false"
189-->[com.stripe:payments-core:20.37.4] AndroidManifest.xml:66:13-37
190            android:theme="@style/StripeDefaultTheme" />
190-->[com.stripe:payments-core:20.37.4] AndroidManifest.xml:67:13-54
191        <activity
191-->[com.stripe:payments-core:20.37.4] AndroidManifest.xml:68:9-71:66
192            android:name="com.stripe.android.googlepaylauncher.GooglePayLauncherActivity"
192-->[com.stripe:payments-core:20.37.4] AndroidManifest.xml:69:13-90
193            android:exported="false"
193-->[com.stripe:payments-core:20.37.4] AndroidManifest.xml:70:13-37
194            android:theme="@style/StripeGooglePayDefaultTheme" />
194-->[com.stripe:payments-core:20.37.4] AndroidManifest.xml:71:13-63
195        <activity
195-->[com.stripe:payments-core:20.37.4] AndroidManifest.xml:72:9-75:66
196            android:name="com.stripe.android.googlepaylauncher.GooglePayPaymentMethodLauncherActivity"
196-->[com.stripe:payments-core:20.37.4] AndroidManifest.xml:73:13-103
197            android:exported="false"
197-->[com.stripe:payments-core:20.37.4] AndroidManifest.xml:74:13-37
198            android:theme="@style/StripeGooglePayDefaultTheme" />
198-->[com.stripe:payments-core:20.37.4] AndroidManifest.xml:75:13-63
199        <activity
199-->[com.stripe:payments-core:20.37.4] AndroidManifest.xml:76:9-79:68
200            android:name="com.stripe.android.payments.paymentlauncher.PaymentLauncherConfirmationActivity"
200-->[com.stripe:payments-core:20.37.4] AndroidManifest.xml:77:13-107
201            android:exported="false"
201-->[com.stripe:payments-core:20.37.4] AndroidManifest.xml:78:13-37
202            android:theme="@style/StripePayLauncherDefaultTheme" />
202-->[com.stripe:payments-core:20.37.4] AndroidManifest.xml:79:13-65
203        <activity
203-->[com.stripe:payments-core:20.37.4] AndroidManifest.xml:80:9-83:61
204            android:name="com.stripe.android.payments.bankaccount.ui.CollectBankAccountActivity"
204-->[com.stripe:payments-core:20.37.4] AndroidManifest.xml:81:13-97
205            android:exported="false"
205-->[com.stripe:payments-core:20.37.4] AndroidManifest.xml:82:13-37
206            android:theme="@style/StripeTransparentTheme" />
206-->[com.stripe:payments-core:20.37.4] AndroidManifest.xml:83:13-58
207        <activity
207-->[com.stripe:stripe-3ds2-android:6.1.8] AndroidManifest.xml:8:9-11:54
208            android:name="com.stripe.android.stripe3ds2.views.ChallengeActivity"
208-->[com.stripe:stripe-3ds2-android:6.1.8] AndroidManifest.xml:9:13-81
209            android:exported="false"
209-->[com.stripe:stripe-3ds2-android:6.1.8] AndroidManifest.xml:10:13-37
210            android:theme="@style/Stripe3DS2Theme" />
210-->[com.stripe:stripe-3ds2-android:6.1.8] AndroidManifest.xml:11:13-51
211        <activity
211-->[com.google.firebase:firebase-auth:22.3.1] AndroidManifest.xml:29:9-46:20
212            android:name="com.google.firebase.auth.internal.GenericIdpActivity"
212-->[com.google.firebase:firebase-auth:22.3.1] AndroidManifest.xml:30:13-80
213            android:excludeFromRecents="true"
213-->[com.google.firebase:firebase-auth:22.3.1] AndroidManifest.xml:31:13-46
214            android:exported="true"
214-->[com.google.firebase:firebase-auth:22.3.1] AndroidManifest.xml:32:13-36
215            android:launchMode="singleTask"
215-->[com.google.firebase:firebase-auth:22.3.1] AndroidManifest.xml:33:13-44
216            android:theme="@android:style/Theme.Translucent.NoTitleBar" >
216-->[com.google.firebase:firebase-auth:22.3.1] AndroidManifest.xml:34:13-72
217            <intent-filter>
217-->[com.google.firebase:firebase-auth:22.3.1] AndroidManifest.xml:35:13-45:29
218                <action android:name="android.intent.action.VIEW" />
218-->[com.stripe:link:20.37.4] AndroidManifest.xml:21:17-69
218-->[com.stripe:link:20.37.4] AndroidManifest.xml:21:25-66
219
220                <category android:name="android.intent.category.DEFAULT" />
220-->[com.stripe:link:20.37.4] AndroidManifest.xml:23:17-76
220-->[com.stripe:link:20.37.4] AndroidManifest.xml:23:27-73
221                <category android:name="android.intent.category.BROWSABLE" />
221-->[com.stripe:link:20.37.4] AndroidManifest.xml:24:17-78
221-->[com.stripe:link:20.37.4] AndroidManifest.xml:24:27-75
222
223                <data
223-->[com.stripe:link:20.37.4] AndroidManifest.xml:26:17-29:51
224                    android:host="firebase.auth"
224-->[com.stripe:link:20.37.4] AndroidManifest.xml:27:21-44
225                    android:path="/"
225-->[com.stripe:link:20.37.4] AndroidManifest.xml:28:21-53
226                    android:scheme="genericidp" />
226-->[com.stripe:link:20.37.4] AndroidManifest.xml:29:21-48
227            </intent-filter>
228        </activity>
229        <activity
229-->[com.google.firebase:firebase-auth:22.3.1] AndroidManifest.xml:47:9-64:20
230            android:name="com.google.firebase.auth.internal.RecaptchaActivity"
230-->[com.google.firebase:firebase-auth:22.3.1] AndroidManifest.xml:48:13-79
231            android:excludeFromRecents="true"
231-->[com.google.firebase:firebase-auth:22.3.1] AndroidManifest.xml:49:13-46
232            android:exported="true"
232-->[com.google.firebase:firebase-auth:22.3.1] AndroidManifest.xml:50:13-36
233            android:launchMode="singleTask"
233-->[com.google.firebase:firebase-auth:22.3.1] AndroidManifest.xml:51:13-44
234            android:theme="@android:style/Theme.Translucent.NoTitleBar" >
234-->[com.google.firebase:firebase-auth:22.3.1] AndroidManifest.xml:52:13-72
235            <intent-filter>
235-->[com.google.firebase:firebase-auth:22.3.1] AndroidManifest.xml:53:13-63:29
236                <action android:name="android.intent.action.VIEW" />
236-->[com.stripe:link:20.37.4] AndroidManifest.xml:21:17-69
236-->[com.stripe:link:20.37.4] AndroidManifest.xml:21:25-66
237
238                <category android:name="android.intent.category.DEFAULT" />
238-->[com.stripe:link:20.37.4] AndroidManifest.xml:23:17-76
238-->[com.stripe:link:20.37.4] AndroidManifest.xml:23:27-73
239                <category android:name="android.intent.category.BROWSABLE" />
239-->[com.stripe:link:20.37.4] AndroidManifest.xml:24:17-78
239-->[com.stripe:link:20.37.4] AndroidManifest.xml:24:27-75
240
241                <data
241-->[com.stripe:link:20.37.4] AndroidManifest.xml:26:17-29:51
242                    android:host="firebase.auth"
242-->[com.stripe:link:20.37.4] AndroidManifest.xml:27:21-44
243                    android:path="/"
243-->[com.stripe:link:20.37.4] AndroidManifest.xml:28:21-53
244                    android:scheme="recaptcha" />
244-->[com.stripe:link:20.37.4] AndroidManifest.xml:29:21-48
245            </intent-filter>
246        </activity>
247
248        <service
248-->[com.google.firebase:firebase-auth:22.3.1] AndroidManifest.xml:66:9-72:19
249            android:name="com.google.firebase.components.ComponentDiscoveryService"
249-->[com.google.firebase:firebase-auth:22.3.1] AndroidManifest.xml:67:13-84
250            android:directBootAware="true"
250-->[com.google.firebase:firebase-common:20.4.2] AndroidManifest.xml:32:13-43
251            android:exported="false" >
251-->[com.google.firebase:firebase-auth:22.3.1] AndroidManifest.xml:68:13-37
252            <meta-data
252-->[com.google.firebase:firebase-auth:22.3.1] AndroidManifest.xml:69:13-71:85
253                android:name="com.google.firebase.components:com.google.firebase.auth.FirebaseAuthRegistrar"
253-->[com.google.firebase:firebase-auth:22.3.1] AndroidManifest.xml:70:17-109
254                android:value="com.google.firebase.components.ComponentRegistrar" />
254-->[com.google.firebase:firebase-auth:22.3.1] AndroidManifest.xml:71:17-82
255            <meta-data
255-->[com.google.firebase:firebase-common-ktx:20.4.2] AndroidManifest.xml:12:13-14:85
256                android:name="com.google.firebase.components:com.google.firebase.ktx.FirebaseCommonLegacyRegistrar"
256-->[com.google.firebase:firebase-common-ktx:20.4.2] AndroidManifest.xml:13:17-116
257                android:value="com.google.firebase.components.ComponentRegistrar" />
257-->[com.google.firebase:firebase-common-ktx:20.4.2] AndroidManifest.xml:14:17-82
258            <meta-data
258-->[com.google.firebase:firebase-common:20.4.2] AndroidManifest.xml:35:13-37:85
259                android:name="com.google.firebase.components:com.google.firebase.FirebaseCommonKtxRegistrar"
259-->[com.google.firebase:firebase-common:20.4.2] AndroidManifest.xml:36:17-109
260                android:value="com.google.firebase.components.ComponentRegistrar" />
260-->[com.google.firebase:firebase-common:20.4.2] AndroidManifest.xml:37:17-82
261        </service>
262
263        <activity
263-->[com.google.android.gms:play-services-auth:21.1.0] AndroidManifest.xml:23:9-27:75
264            android:name="com.google.android.gms.auth.api.signin.internal.SignInHubActivity"
264-->[com.google.android.gms:play-services-auth:21.1.0] AndroidManifest.xml:24:13-93
265            android:excludeFromRecents="true"
265-->[com.google.android.gms:play-services-auth:21.1.0] AndroidManifest.xml:25:13-46
266            android:exported="false"
266-->[com.google.android.gms:play-services-auth:21.1.0] AndroidManifest.xml:26:13-37
267            android:theme="@android:style/Theme.Translucent.NoTitleBar" />
267-->[com.google.android.gms:play-services-auth:21.1.0] AndroidManifest.xml:27:13-72
268        <!--
269            Service handling Google Sign-In user revocation. For apps that do not integrate with
270            Google Sign-In, this service will never be started.
271        -->
272        <service
272-->[com.google.android.gms:play-services-auth:21.1.0] AndroidManifest.xml:33:9-37:51
273            android:name="com.google.android.gms.auth.api.signin.RevocationBoundService"
273-->[com.google.android.gms:play-services-auth:21.1.0] AndroidManifest.xml:34:13-89
274            android:exported="true"
274-->[com.google.android.gms:play-services-auth:21.1.0] AndroidManifest.xml:35:13-36
275            android:permission="com.google.android.gms.auth.api.signin.permission.REVOCATION_NOTIFICATION"
275-->[com.google.android.gms:play-services-auth:21.1.0] AndroidManifest.xml:36:13-107
276            android:visibleToInstantApps="true" />
276-->[com.google.android.gms:play-services-auth:21.1.0] AndroidManifest.xml:37:13-48
277
278        <provider
278-->[com.google.firebase:firebase-common:20.4.2] AndroidManifest.xml:23:9-28:39
279            android:name="com.google.firebase.provider.FirebaseInitProvider"
279-->[com.google.firebase:firebase-common:20.4.2] AndroidManifest.xml:24:13-77
280            android:authorities="com.example.ebook.firebaseinitprovider"
280-->[com.google.firebase:firebase-common:20.4.2] AndroidManifest.xml:25:13-72
281            android:directBootAware="true"
281-->[com.google.firebase:firebase-common:20.4.2] AndroidManifest.xml:26:13-43
282            android:exported="false"